  helicopter.c
C:\Users\GammaWave\Documents\Code\opengl-helicopter\src\helicopter.c(5,77): warning C4305: 'function': truncation from 'double' to 'GLfloat'
C:\Users\GammaWave\Documents\Code\opengl-helicopter\src\helicopter.c(32,35): warning C4244: '=': conversion from 'double' to 'GLfloat', possible loss of data
C:\Users\GammaWave\Documents\Code\opengl-helicopter\src\helicopter.c(36,36): warning C4244: '=': conversion from 'int' to 'GLfloat', possible loss of data
C:\Users\GammaWave\Documents\Code\opengl-helicopter\src\helicopter.c(40,36): warning C4244: '=': conversion from 'double' to 'GLfloat', possible loss of data
C:\Users\GammaWave\Documents\Code\opengl-helicopter\src\helicopter.c(82,22): warning C4305: 'function': truncation from 'double' to 'GLfloat'
C:\Users\GammaWave\Documents\Code\opengl-helicopter\src\helicopter.c(86,23): warning C4305: 'function': truncation from 'double' to 'GLfloat'
C:\Users\GammaWave\Documents\Code\opengl-helicopter\src\helicopter.c(108,26): warning C4244: 'initializing': conversion from 'double' to 'GLfloat', possible loss of data
C:\Users\GammaWave\Documents\Code\opengl-helicopter\src\helicopter.c(110,26): warning C4244: 'initializing': conversion from 'double' to 'GLfloat', possible loss of data
C:\Users\GammaWave\Documents\Code\opengl-helicopter\src\helicopter.c(123,66): warning C4305: 'function': truncation from 'double' to 'GLfloat'
C:\Users\GammaWave\Documents\Code\opengl-helicopter\src\helicopter.c(124,47): warning C4305: 'initializing': truncation from 'double' to 'GLfloat'
C:\Users\GammaWave\Documents\Code\opengl-helicopter\src\helicopter.c(124,70): warning C4305: 'function': truncation from 'double' to 'GLfloat'
C:\Users\GammaWave\Documents\Code\opengl-helicopter\src\helicopter.c(125,50): warning C4305: 'initializing': truncation from 'double' to 'GLfloat'
C:\Users\GammaWave\Documents\Code\opengl-helicopter\src\helicopter.c(125,72): warning C4305: 'function': truncation from 'double' to 'GLfloat'
C:\Users\GammaWave\Documents\Code\opengl-helicopter\src\helicopter.c(126,46): warning C4305: 'initializing': truncation from 'double' to 'GLfloat'
C:\Users\GammaWave\Documents\Code\opengl-helicopter\src\helicopter.c(126,69): warning C4305: 'function': truncation from 'double' to 'GLfloat'
C:\Users\GammaWave\Documents\Code\opengl-helicopter\src\helicopter.c(127,49): warning C4305: 'initializing': truncation from 'double' to 'GLfloat'
C:\Users\GammaWave\Documents\Code\opengl-helicopter\src\helicopter.c(127,71): warning C4305: 'function': truncation from 'double' to 'GLfloat'
C:\Users\GammaWave\Documents\Code\opengl-helicopter\src\helicopter.c(129,48): warning C4305: 'initializing': truncation from 'double' to 'GLfloat'
C:\Users\GammaWave\Documents\Code\opengl-helicopter\src\helicopter.c(130,44): warning C4305: 'initializing': truncation from 'double' to 'GLfloat'
C:\Users\GammaWave\Documents\Code\opengl-helicopter\src\helicopter.c(131,47): warning C4305: 'initializing': truncation from 'double' to 'GLfloat'
C:\Users\GammaWave\Documents\Code\opengl-helicopter\src\helicopter.c(137,52): warning C4305: 'initializing': truncation from 'double' to 'GLfloat'
C:\Users\GammaWave\Documents\Code\opengl-helicopter\src\helicopter.c(137,63): warning C4305: 'function': truncation from 'double' to 'GLfloat'
C:\Users\GammaWave\Documents\Code\opengl-helicopter\src\helicopter.c(137,68): warning C4305: 'function': truncation from 'double' to 'GLfloat'
C:\Users\GammaWave\Documents\Code\opengl-helicopter\src\helicopter.c(139,53): warning C4305: 'initializing': truncation from 'double' to 'GLfloat'
C:\Users\GammaWave\Documents\Code\opengl-helicopter\src\helicopter.c(139,63): warning C4305: 'function': truncation from 'double' to 'GLfloat'
C:\Users\GammaWave\Documents\Code\opengl-helicopter\src\helicopter.c(139,68): warning C4305: 'function': truncation from 'double' to 'GLfloat'
C:\Users\GammaWave\Documents\Code\opengl-helicopter\src\helicopter.c(140,48): warning C4305: 'initializing': truncation from 'double' to 'GLfloat'
C:\Users\GammaWave\Documents\Code\opengl-helicopter\src\helicopter.c(140,59): warning C4305: 'function': truncation from 'double' to 'GLfloat'
C:\Users\GammaWave\Documents\Code\opengl-helicopter\src\helicopter.c(140,64): warning C4305: 'function': truncation from 'double' to 'GLfloat'
C:\Users\GammaWave\Documents\Code\opengl-helicopter\src\helicopter.c(142,53): warning C4305: 'initializing': truncation from 'double' to 'GLfloat'
C:\Users\GammaWave\Documents\Code\opengl-helicopter\src\helicopter.c(142,64): warning C4305: 'function': truncation from 'double' to 'GLfloat'
C:\Users\GammaWave\Documents\Code\opengl-helicopter\src\helicopter.c(142,69): warning C4305: 'function': truncation from 'double' to 'GLfloat'
C:\Users\GammaWave\Documents\Code\opengl-helicopter\src\helicopter.c(168,57): warning C4305: 'initializing': truncation from 'double' to 'GLfloat'
C:\Users\GammaWave\Documents\Code\opengl-helicopter\src\helicopter.c(177,115): warning C4305: 'function': truncation from 'double' to 'GLfloat'
C:\Users\GammaWave\Documents\Code\opengl-helicopter\src\helicopter.c(155,27): warning C4244: 'initializing': conversion from 'double' to 'const GLfloat', possible loss of data
C:\Users\GammaWave\Documents\Code\opengl-helicopter\src\helicopter.c(156,66): warning C4244: 'initializing': conversion from 'double' to 'const GLfloat', possible loss of data
C:\Users\GammaWave\Documents\Code\opengl-helicopter\src\helicopter.c(160,69): warning C4244: 'initializing': conversion from 'double' to 'const GLfloat', possible loss of data
  loader.c
C:\Users\GammaWave\Documents\Code\opengl-helicopter\src\loader.c(10,61): warning C4267: 'initializing': conversion from 'size_t' to 'const unsigned int', possible loss of data
C:\Users\GammaWave\Documents\Code\opengl-helicopter\src\loader.c(20,14): warning C4098: 'loadTrees': 'void' function returning a value
C:\Users\GammaWave\Documents\Code\opengl-helicopter\src\loader.c(30,20): warning C4244: 'initializing': conversion from 'double' to 'GLfloat', possible loss of data
C:\Users\GammaWave\Documents\Code\opengl-helicopter\src\loader.c(58,15): warning C4090: 'function': different 'const' qualifiers
C:\Users\GammaWave\Documents\Code\opengl-helicopter\src\loader.c(281,15): warning C4090: 'function': different 'const' qualifiers
  main.c
C:\Users\GammaWave\Documents\Code\opengl-helicopter\src\main.c(163,8): warning C4013: 'time' undefined; assuming extern returning int
C:\Users\GammaWave\Documents\Code\opengl-helicopter\src\main.c(185,2): warning C4013: 'treeLoad' undefined; assuming extern returning int
C:\Users\GammaWave\Documents\Code\opengl-helicopter\src\main.c(218,43): warning C4244: '=': conversion from 'int' to 'GLfloat', possible loss of data
C:\Users\GammaWave\Documents\Code\opengl-helicopter\src\main.c(221,43): warning C4244: '=': conversion from 'int' to 'GLfloat', possible loss of data
C:\Users\GammaWave\Documents\Code\opengl-helicopter\src\main.c(224,43): warning C4244: '=': conversion from 'int' to 'GLfloat', possible loss of data
C:\Users\GammaWave\Documents\Code\opengl-helicopter\src\main.c(227,43): warning C4244: '=': conversion from 'int' to 'GLfloat', possible loss of data
C:\Users\GammaWave\Documents\Code\opengl-helicopter\src\main.c(232,29): warning C4244: '=': conversion from 'double' to 'GLfloat', possible loss of data
C:\Users\GammaWave\Documents\Code\opengl-helicopter\src\main.c(248,1): warning C4305: 'initializing': truncation from 'double' to 'GLfloat'
C:\Users\GammaWave\Documents\Code\opengl-helicopter\src\main.c(293,69): warning C4305: 'initializing': truncation from 'double' to 'GLfloat'
  misc.c
C:\Users\GammaWave\Documents\Code\opengl-helicopter\src\misc.c(226,24): warning C4244: 'function': conversion from 'GLfloat' to 'GLint', possible loss of data
C:\Users\GammaWave\Documents\Code\opengl-helicopter\src\misc.c(226,36): warning C4244: 'function': conversion from 'GLfloat' to 'GLint', possible loss of data
  tree.c
C:\Users\GammaWave\Documents\Code\opengl-helicopter\src\tree.c(33,23): warning C4048: different array subscripts: 'GLfloat (*)[3]' and 'GLfloat (*)[935][3]'
  vecmath.c
C:\Users\GammaWave\Documents\Code\opengl-helicopter\src\vecmath.c(1,10): warning C4067: unexpected tokens following preprocessor directive - expected a newline
C:\Users\GammaWave\Documents\Code\opengl-helicopter\src\vecmath.c(3,47): warning C4244: 'return': conversion from 'double' to 'GLfloat', possible loss of data
C:\Users\GammaWave\Documents\Code\opengl-helicopter\src\vecmath.c(14,25): warning C4244: 'initializing': conversion from 'double' to 'GLfloat', possible loss of data
C:\Users\GammaWave\Documents\Code\opengl-helicopter\src\vecmath.c(16,25): warning C4244: 'initializing': conversion from 'double' to 'GLfloat', possible loss of data
C:\Users\GammaWave\Documents\Code\opengl-helicopter\src\vecmath.c(34,9): warning C4244: 'return': conversion from 'double' to 'GLfloat', possible loss of data
  Generating Code...
main.obj : error LNK2019: unresolved external symbol __imp_glutInitWindowSize referenced in function main
main.obj : error LNK2019: unresolved external symbol __imp_glutInitDisplayMode referenced in function main
main.obj : error LNK2019: unresolved external symbol __imp_glutMainLoop referenced in function main
main.obj : error LNK2019: unresolved external symbol __imp_glutPostRedisplay referenced in function idle
main.obj : error LNK2019: unresolved external symbol __imp_glutSwapBuffers referenced in function display
main.obj : error LNK2019: unresolved external symbol __imp_glutIdleFunc referenced in function main
main.obj : error LNK2019: unresolved external symbol __imp_glutKeyboardFunc referenced in function main
main.obj : error LNK2019: unresolved external symbol __imp_glutSpecialFunc referenced in function main
main.obj : error LNK2019: unresolved external symbol __imp_glutReshapeFunc referenced in function main
main.obj : error LNK2019: unresolved external symbol __imp_glutDisplayFunc referenced in function main
main.obj : error LNK2019: unresolved external symbol __imp_glutKeyboardUpFunc referenced in function main
main.obj : error LNK2019: unresolved external symbol __imp_glutSpecialUpFunc referenced in function main
main.obj : error LNK2019: unresolved external symbol __imp_glutGet referenced in function idle
main.obj : error LNK2019: unresolved external symbol __imp_glutSetKeyRepeat referenced in function main
main.obj : error LNK2019: unresolved external symbol __imp___glutInitWithExit referenced in function glutInit_ATEXIT_HACK
main.obj : error LNK2019: unresolved external symbol __imp___glutCreateWindowWithExit referenced in function glutCreateWindow_ATEXIT_HACK
main.obj : error LNK2019: unresolved external symbol __imp_glutCloseFunc referenced in function main
misc.obj : error LNK2019: unresolved external symbol __imp_glutBitmapString referenced in function drawText
freeglut\lib\freeglut.lib : warning LNK4272: library machine type 'x86' conflicts with target machine type 'x64'
C:\Users\GammaWave\Documents\Code\opengl-helicopter\x64\DebugFullBright\opengl-helicopter.exe : fatal error LNK1120: 18 unresolved externals
